# JRE version: OpenJDK Runtime Environment (8.0_392-b08) (build 1.8.0_392-8u392-ga-1~22.04-b08)
# Java VM: OpenJDK 64-Bit Server VM (25.392-b08 mixed mode linux-amd64 compressed oops)
Heap:
 PSYoungGen      total 271872K, used 31757K [0x00000000eab00000, 0x0000000100000000, 0x0000000100000000)
  eden space 242688K, 13% used [0x00000000eab00000,0x00000000eca03408,0x00000000f9800000)
  from space 29184K, 0% used [0x00000000fe380000,0x00000000fe380000,0x0000000100000000)
  to   space 53248K, 0% used [0x00000000f9800000,0x00000000f9800000,0x00000000fcc00000)
 ParOldGen       total 699392K, used 58475K [0x00000000c0000000, 0x00000000eab00000, 0x00000000eab00000)
  object space 699392K, 8% used [0x00000000c0000000,0x00000000c391ac40,0x00000000eab00000)
 Metaspace       used 148579K, capacity 167238K, committed 167268K, reserved 1196032K
  class space    used 19735K, capacity 20844K, committed 20864K, reserved 1048576K
GC Heap History (10 events):
Event: 5,777 GC heap before
{Heap before GC invocations=9 (full 3):
 PSYoungGen      total 305664K, used 263798K [0x00000000eab00000, 0x0000000100000000, 0x0000000100000000)
  eden space 262144K, 92% used [0x00000000eab00000,0x00000000f98f1990,0x00000000fab00000)
  from space 43520K, 46% used [0x00000000fab00000,0x00000000fbeac178,0x00000000fd580000)
  to   space 25600K, 0% used [0x00000000fe700000,0x00000000fe700000,0x0000000100000000)
 ParOldGen       total 699392K, used 21485K [0x00000000c0000000, 0x00000000eab00000, 0x00000000eab00000)
  object space 699392K, 3% used [0x00000000c0000000,0x00000000c14fb728,0x00000000eab00000)
 Metaspace       used 85799K, capacity 99020K, committed 99156K, reserved 1136640K
  class space    used 12272K, capacity 13032K, committed 13056K, reserved 1048576K
Event: 5,793 GC heap after
Heap after GC invocations=9 (full 3):
 PSYoungGen      total 316416K, used 25574K [0x00000000eab00000, 0x0000000100000000, 0x0000000100000000)
  eden space 290816K, 0% used [0x00000000eab00000,0x00000000eab00000,0x00000000fc700000)
  from space 25600K, 99% used [0x00000000fe700000,0x00000000ffff99a0,0x0000000100000000)
  to   space 29184K, 0% used [0x00000000fc700000,0x00000000fc700000,0x00000000fe380000)
 ParOldGen       total 699392K, used 21800K [0x00000000c0000000, 0x00000000eab00000, 0x00000000eab00000)
  object space 699392K, 3% used [0x00000000c0000000,0x00000000c154a008,0x00000000eab00000)
 Metaspace       used 85799K, capacity 99020K, committed 99156K, reserved 1136640K
  class space    used 12272K, capacity 13032K, committed 13056K, reserved 1048576K
}
Event: 5,793 GC heap before
{Heap before GC invocations=10 (full 4):
 PSYoungGen      total 316416K, used 25574K [0x00000000eab00000, 0x0000000100000000, 0x0000000100000000)
  eden space 290816K, 0% used [0x00000000eab00000,0x00000000eab00000,0x00000000fc700000)
  from space 25600K, 99% used [0x00000000fe700000,0x00000000ffff99a0,0x0000000100000000)
  to   space 29184K, 0% used [0x00000000fc700000,0x00000000fc700000,0x00000000fe380000)
 ParOldGen       total 699392K, used 21800K [0x00000000c0000000, 0x00000000eab00000, 0x00000000eab00000)
  object space 699392K, 3% used [0x00000000c0000000,0x00000000c154a008,0x00000000eab00000)
 Metaspace       used 85799K, capacity 99020K, committed 99156K, reserved 1136640K
  class space    used 12272K, capacity 13032K, committed 13056K, reserved 1048576K
Event: 5,929 GC heap after
Heap after GC invocations=10 (full 4):
 PSYoungGen      total 316416K, used 0K [0x00000000eab00000, 0x0000000100000000, 0x0000000100000000)
  eden space 290816K, 0% used [0x00000000eab00000,0x00000000eab00000,0x00000000fc700000)
  from space 25600K, 0% used [0x00000000fe700000,0x00000000fe700000,0x0000000100000000)
  to   space 29184K, 0% used [0x00000000fc700000,0x00000000fc700000,0x00000000fe380000)
 ParOldGen       total 699392K, used 43678K [0x00000000c0000000, 0x00000000eab00000, 0x00000000eab00000)
  object space 699392K, 6% used [0x00000000c0000000,0x00000000c2aa79c0,0x00000000eab00000)
 Metaspace       used 85039K, capacity 97486K, committed 99156K, reserved 1136640K
  class space    used 12012K, capacity 12734K, committed 13056K, reserved 1048576K
}
Event: 10,476 GC heap before
{Heap before GC invocations=11 (full 4):
 PSYoungGen      total 316416K, used 290816K [0x00000000eab00000, 0x0000000100000000, 0x0000000100000000)
  eden space 290816K, 100% used [0x00000000eab00000,0x00000000fc700000,0x00000000fc700000)
  from space 25600K, 0% used [0x00000000fe700000,0x00000000fe700000,0x0000000100000000)
  to   space 29184K, 0% used [0x00000000fc700000,0x00000000fc700000,0x00000000fe380000)
 ParOldGen       total 699392K, used 43678K [0x00000000c0000000, 0x00000000eab00000, 0x00000000eab00000)
  object space 699392K, 6% used [0x00000000c0000000,0x00000000c2aa79c0,0x00000000eab00000)
 Metaspace       used 127234K, capacity 143898K, committed 144228K, reserved 1175552K
  class space    used 16899K, capacity 17922K, committed 18048K, reserved 1048576K
Event: 10,503 GC heap after
Heap after GC invocations=11 (full 4):
 PSYoungGen      total 320000K, used 29167K [0x00000000eab00000, 0x0000000100000000, 0x0000000100000000)
  eden space 290816K, 0% used [0x00000000eab00000,0x00000000eab00000,0x00000000fc700000)
  from space 29184K, 99% used [0x00000000fc700000,0x00000000fe37bd70,0x00000000fe380000)
  to   space 29184K, 0% used [0x00000000fe380000,0x00000000fe380000,0x0000000100000000)
 ParOldGen       total 699392K, used 71061K [0x00000000c0000000, 0x00000000eab00000, 0x00000000eab00000)
  object space 699392K, 10% used [0x00000000c0000000,0x00000000c4565440,0x00000000eab00000)
 Metaspace       used 127234K, capacity 143898K, committed 144228K, reserved 1175552K
  class space    used 16899K, capacity 17922K, committed 18048K, reserved 1048576K
}
Event: 11,412 GC heap before
{Heap before GC invocations=12 (full 4):
 PSYoungGen      total 320000K, used 134250K [0x00000000eab00000, 0x0000000100000000, 0x0000000100000000)
  eden space 290816K, 36% used [0x00000000eab00000,0x00000000f119ec88,0x00000000fc700000)
  from space 29184K, 99% used [0x00000000fc700000,0x00000000fe37bd70,0x00000000fe380000)
  to   space 29184K, 0% used [0x00000000fe380000,0x00000000fe380000,0x0000000100000000)
 ParOldGen       total 699392K, used 71061K [0x00000000c0000000, 0x00000000eab00000, 0x00000000eab00000)
  object space 699392K, 10% used [0x00000000c0000000,0x00000000c4565440,0x00000000eab00000)
 Metaspace       used 146624K, capacity 165146K, committed 165220K, reserved 1193984K
  class space    used 19410K, capacity 20552K, committed 20608K, reserved 1048576K
Event: 11,432 GC heap after
Heap after GC invocations=12 (full 4):
 PSYoungGen      total 271872K, used 29161K [0x00000000eab00000, 0x0000000100000000, 0x0000000100000000)
  eden space 242688K, 0% used [0x00000000eab00000,0x00000000eab00000,0x00000000f9800000)
  from space 29184K, 99% used [0x00000000fe380000,0x00000000ffffa790,0x0000000100000000)
  to   space 53248K, 0% used [0x00000000f9800000,0x00000000f9800000,0x00000000fcc00000)
 ParOldGen       total 699392K, used 86706K [0x00000000c0000000, 0x00000000eab00000, 0x00000000eab00000)
  object space 699392K, 12% used [0x00000000c0000000,0x00000000c54ac8a8,0x00000000eab00000)
 Metaspace       used 146624K, capacity 165146K, committed 165220K, reserved 1193984K
  class space    used 19410K, capacity 20552K, committed 20608K, reserved 1048576K
}
Event: 11,432 GC heap before
{Heap before GC invocations=13 (full 5):
 PSYoungGen      total 271872K, used 29161K [0x00000000eab00000, 0x0000000100000000, 0x0000000100000000)
  eden space 242688K, 0% used [0x00000000eab00000,0x00000000eab00000,0x00000000f9800000)
  from space 29184K, 99% used [0x00000000fe380000,0x00000000ffffa790,0x0000000100000000)
  to   space 53248K, 0% used [0x00000000f9800000,0x00000000f9800000,0x00000000fcc00000)
 ParOldGen       total 699392K, used 86706K [0x00000000c0000000, 0x00000000eab00000, 0x00000000eab00000)
  object space 699392K, 12% used [0x00000000c0000000,0x00000000c54ac8a8,0x00000000eab00000)
 Metaspace       used 146624K, capacity 165146K, committed 165220K, reserved 1193984K
  class space    used 19410K, capacity 20552K, committed 20608K, reserved 1048576K
Event: 11,524 GC heap after
Heap after GC invocations=13 (full 5):
 PSYoungGen      total 271872K, used 0K [0x00000000eab00000, 0x0000000100000000, 0x0000000100000000)
  eden space 242688K, 0% used [0x00000000eab00000,0x00000000eab00000,0x00000000f9800000)
  from space 29184K, 0% used [0x00000000fe380000,0x00000000fe380000,0x0000000100000000)
  to   space 53248K, 0% used [0x00000000f9800000,0x00000000f9800000,0x00000000fcc00000)
 ParOldGen       total 699392K, used 58475K [0x00000000c0000000, 0x00000000eab00000, 0x00000000eab00000)
  object space 699392K, 8% used [0x00000000c0000000,0x00000000c391ac40,0x00000000eab00000)
 Metaspace       used 146326K, capacity 164710K, committed 165220K, reserved 1193984K
  class space    used 19375K, capacity 20484K, committed 20608K, reserved 1048576K
}

